audn17
audq17
bgim17
bgin17
bgiq17
bgiu17
bgiv17
briq17
cadn17
cadq17
ccmf18
ccmn17
ccmu17
ccmx17
chfn17
clpq17
dapf18
dapk19
dapq18
di1f18
di1f19
di1f20
di1f21
di1f22
di1f23
di1f24
di1f25
di1f26
di1f27
di1f29
di1g18
di1h18
di1j18
di1j19
di1j20
di1j21
di1n17
di1n18
di1n19
di1n20
di1n21
di1n22
di1n23
di1q17
di1u17
di1v17
di1v18
di1v19
di1v20
di1v21
di1x17
di1z17
doln17
dolq17
dolu17
dr1n17q17
eurn17
frcf18
frcf19
frcf20
frcf23
frcg18
frcj18
frcn20
frcq17
frcu17
frcv17
frcv18
frcv20
frcx17
frp0
frp1
gbpq17
icfu17
icfu18
icfz17
indq17
indv17
ir1q17v17
ispm17
ispu17
ispz17
jpyq17
mxnq17
oz1d
sjck18
sjcn17
sjcq17
sjcx17
t10u17
wdon17
wdoq17
winq17
wtiq17
indfut
dolar
alcool
cbond
boigordo
cupomcambial
cafe
acucar
ouro
